2016-04-29T10:51:08+02:00 INFO (6): /contact/add/
2016-04-29T12:17:38+02:00 INFO (6): /contact/index/modules/default
2016-04-29T12:18:02+02:00 INFO (6): /contact
2016-04-29T12:21:50+02:00 INFO (6): /contact
2016-04-29T12:22:41+02:00 INFO (6): /contact
2016-04-29T12:26:26+02:00 INFO (6): /contact
2016-04-29T12:26:46+02:00 INFO (6): /contact
2016-04-29T12:26:46+02:00 INFO (6): /contact
2016-04-29T12:34:55+02:00 INFO (6): /contact
2016-04-29T12:34:55+02:00 INFO (6): /contact
2016-04-29T12:34:55+02:00 INFO (6): /contact
2016-04-29T12:38:03+02:00 INFO (6): /contact
2016-04-29T12:38:03+02:00 INFO (6): /contact
2016-04-29T12:38:03+02:00 INFO (6): /contact
2016-04-29T12:41:21+02:00 INFO (6): /contact
2016-04-29T12:41:24+02:00 INFO (6): /contact
2016-04-29T12:41:24+02:00 INFO (6): /contact
2016-04-29T12:41:24+02:00 INFO (6): /contact
2016-04-29T14:09:52+02:00 INFO (6): /
2016-04-29T14:09:52+02:00 INFO (6): /favicon.ico
